# JRE version: OpenJDK Runtime Environment Temurin-17.0.4.1+1 (17.0.4.1+1) (build 17.0.4.1+1)
# Java VM: OpenJDK 64-Bit Server VM Temurin-17.0.4.1+1 (17.0.4.1+1, mixed mode, tiered, compressed oops, compressed class ptrs, parallel gc, windows-amd64)
GC Precious Log:
 CPUs: 4 total, 4 available
 Memory: 12067M
 Large Page Support: Disabled
 NUMA Support: Disabled
 Compressed Oops: Enabled (32-bit)
 Alignments: Space 512K, Generation 512K, Heap 2M
 Heap Min Capacity: 100M
 Heap Initial Capacity: 100M
 Heap Max Capacity: 1G
 Pre-touch: Disabled
 Parallel Workers: 4
Heap:
 PSYoungGen      total 18944K, used 7336K [0x00000000eab00000, 0x00000000ebf00000, 0x0000000100000000)
  eden space 18432K, 37% used [0x00000000eab00000,0x00000000eb1c2310,0x00000000ebd00000)
  from space 512K, 81% used [0x00000000ebe00000,0x00000000ebe68000,0x00000000ebe80000)
  to   space 512K, 0% used [0x00000000ebe80000,0x00000000ebe80000,0x00000000ebf00000)
 ParOldGen       total 103936K, used 50609K [0x00000000c0000000, 0x00000000c6580000, 0x00000000eab00000)
  object space 103936K, 48% used [0x00000000c0000000,0x00000000c316c460,0x00000000c6580000)
 Metaspace       used 60979K, committed 62144K, reserved 1105920K
  class space    used 6370K, committed 6912K, reserved 1048576K
GC Heap History (20 events):
Event: 25.490 GC heap before
{Heap before GC invocations=39 (full 2):
 PSYoungGen      total 19456K, used 19098K [0x00000000eab00000, 0x00000000ebf80000, 0x0000000100000000)
  eden space 18432K, 100% used [0x00000000eab00000,0x00000000ebd00000,0x00000000ebd00000)
  from space 1024K, 65% used [0x00000000ebe80000,0x00000000ebf268c8,0x00000000ebf80000)
  to   space 1024K, 0% used [0x00000000ebd80000,0x00000000ebd80000,0x00000000ebe80000)
 ParOldGen       total 80384K, used 75054K [0x00000000c0000000, 0x00000000c4e80000, 0x00000000eab00000)
  object space 80384K, 93% used [0x00000000c0000000,0x00000000c494bb40,0x00000000c4e80000)
 Metaspace       used 55333K, committed 56320K, reserved 1105920K
  class space    used 5813K, committed 6272K, reserved 1048576K
}
Event: 25.493 GC heap after
{Heap after GC invocations=39 (full 2):
 PSYoungGen      total 19456K, used 996K [0x00000000eab00000, 0x00000000ec100000, 0x0000000100000000)
  eden space 18432K, 0% used [0x00000000eab00000,0x00000000eab00000,0x00000000ebd00000)
  from space 1024K, 97% used [0x00000000ebd80000,0x00000000ebe791c0,0x00000000ebe80000)
  to   space 2048K, 0% used [0x00000000ebf00000,0x00000000ebf00000,0x00000000ec100000)
 ParOldGen       total 80384K, used 75897K [0x00000000c0000000, 0x00000000c4e80000, 0x00000000eab00000)
  object space 80384K, 94% used [0x00000000c0000000,0x00000000c4a1e510,0x00000000c4e80000)
 Metaspace       used 55333K, committed 56320K, reserved 1105920K
  class space    used 5813K, committed 6272K, reserved 1048576K
}
Event: 25.589 GC heap before
{Heap before GC invocations=40 (full 2):
 PSYoungGen      total 19456K, used 19428K [0x00000000eab00000, 0x00000000ec100000, 0x0000000100000000)
  eden space 18432K, 100% used [0x00000000eab00000,0x00000000ebd00000,0x00000000ebd00000)
  from space 1024K, 97% used [0x00000000ebd80000,0x00000000ebe791c0,0x00000000ebe80000)
  to   space 2048K, 0% used [0x00000000ebf00000,0x00000000ebf00000,0x00000000ec100000)
 ParOldGen       total 80384K, used 75897K [0x00000000c0000000, 0x00000000c4e80000, 0x00000000eab00000)
  object space 80384K, 94% used [0x00000000c0000000,0x00000000c4a1e510,0x00000000c4e80000)
 Metaspace       used 55353K, committed 56384K, reserved 1105920K
  class space    used 5813K, committed 6272K, reserved 1048576K
}
Event: 25.590 GC heap after
{Heap after GC invocations=40 (full 2):
 PSYoungGen      total 19456K, used 525K [0x00000000eab00000, 0x00000000ec000000, 0x0000000100000000)
  eden space 18432K, 0% used [0x00000000eab00000,0x00000000eab00000,0x00000000ebd00000)
  from space 1024K, 51% used [0x00000000ebf00000,0x00000000ebf83700,0x00000000ec000000)
  to   space 1024K, 0% used [0x00000000ebd80000,0x00000000ebd80000,0x00000000ebe80000)
 ParOldGen       total 80384K, used 76754K [0x00000000c0000000, 0x00000000c4e80000, 0x00000000eab00000)
  object space 80384K, 95% used [0x00000000c0000000,0x00000000c4af4818,0x00000000c4e80000)
 Metaspace       used 55353K, committed 56384K, reserved 1105920K
  class space    used 5813K, committed 6272K, reserved 1048576K
}
Event: 26.490 GC heap before
{Heap before GC invocations=41 (full 2):
 PSYoungGen      total 19456K, used 18957K [0x00000000eab00000, 0x00000000ec000000, 0x0000000100000000)
  eden space 18432K, 100% used [0x00000000eab00000,0x00000000ebd00000,0x00000000ebd00000)
  from space 1024K, 51% used [0x00000000ebf00000,0x00000000ebf83700,0x00000000ec000000)
  to   space 1024K, 0% used [0x00000000ebd80000,0x00000000ebd80000,0x00000000ebe80000)
 ParOldGen       total 80384K, used 76754K [0x00000000c0000000, 0x00000000c4e80000, 0x00000000eab00000)
  object space 80384K, 95% used [0x00000000c0000000,0x00000000c4af4818,0x00000000c4e80000)
 Metaspace       used 56780K, committed 57792K, reserved 1105920K
  class space    used 5977K, committed 6464K, reserved 1048576K
}
Event: 26.491 GC heap after
{Heap after GC invocations=41 (full 2):
 PSYoungGen      total 19456K, used 256K [0x00000000eab00000, 0x00000000ebf80000, 0x0000000100000000)
  eden space 18432K, 0% used [0x00000000eab00000,0x00000000eab00000,0x00000000ebd00000)
  from space 1024K, 25% used [0x00000000ebd80000,0x00000000ebdc0010,0x00000000ebe80000)
  to   space 512K, 0% used [0x00000000ebf00000,0x00000000ebf00000,0x00000000ebf80000)
 ParOldGen       total 80384K, used 76810K [0x00000000c0000000, 0x00000000c4e80000, 0x00000000eab00000)
  object space 80384K, 95% used [0x00000000c0000000,0x00000000c4b02818,0x00000000c4e80000)
 Metaspace       used 56780K, committed 57792K, reserved 1105920K
  class space    used 5977K, committed 6464K, reserved 1048576K
}
Event: 27.354 GC heap before
{Heap before GC invocations=42 (full 2):
 PSYoungGen      total 19456K, used 18688K [0x00000000eab00000, 0x00000000ebf80000, 0x0000000100000000)
  eden space 18432K, 100% used [0x00000000eab00000,0x00000000ebd00000,0x00000000ebd00000)
  from space 1024K, 25% used [0x00000000ebd80000,0x00000000ebdc0010,0x00000000ebe80000)
  to   space 512K, 0% used [0x00000000ebf00000,0x00000000ebf00000,0x00000000ebf80000)
 ParOldGen       total 80384K, used 76810K [0x00000000c0000000, 0x00000000c4e80000, 0x00000000eab00000)
  object space 80384K, 95% used [0x00000000c0000000,0x00000000c4b02818,0x00000000c4e80000)
 Metaspace       used 58304K, committed 59392K, reserved 1105920K
  class space    used 6112K, committed 6656K, reserved 1048576K
}
Event: 27.356 GC heap after
{Heap after GC invocations=42 (full 2):
 PSYoungGen      total 18944K, used 480K [0x00000000eab00000, 0x00000000ebf80000, 0x0000000100000000)
  eden space 18432K, 0% used [0x00000000eab00000,0x00000000eab00000,0x00000000ebd00000)
  from space 512K, 93% used [0x00000000ebf00000,0x00000000ebf78020,0x00000000ebf80000)
  to   space 1024K, 0% used [0x00000000ebd80000,0x00000000ebd80000,0x00000000ebe80000)
 ParOldGen       total 80384K, used 77150K [0x00000000c0000000, 0x00000000c4e80000, 0x00000000eab00000)
  object space 80384K, 95% used [0x00000000c0000000,0x00000000c4b57b70,0x00000000c4e80000)
 Metaspace       used 58304K, committed 59392K, reserved 1105920K
  class space    used 6112K, committed 6656K, reserved 1048576K
}
Event: 27.917 GC heap before
{Heap before GC invocations=43 (full 2):
 PSYoungGen      total 18944K, used 18912K [0x00000000eab00000, 0x00000000ebf80000, 0x0000000100000000)
  eden space 18432K, 100% used [0x00000000eab00000,0x00000000ebd00000,0x00000000ebd00000)
  from space 512K, 93% used [0x00000000ebf00000,0x00000000ebf78020,0x00000000ebf80000)
  to   space 1024K, 0% used [0x00000000ebd80000,0x00000000ebd80000,0x00000000ebe80000)
 ParOldGen       total 103936K, used 100190K [0x00000000c0000000, 0x00000000c6580000, 0x00000000eab00000)
  object space 103936K, 96% used [0x00000000c0000000,0x00000000c61d7b90,0x00000000c6580000)
 Metaspace       used 59027K, committed 60160K, reserved 1105920K
  class space    used 6186K, committed 6720K, reserved 1048576K
}
Event: 27.920 GC heap after
{Heap after GC invocations=43 (full 2):
 PSYoungGen      total 19456K, used 576K [0x00000000eab00000, 0x00000000ebf80000, 0x0000000100000000)
  eden space 18432K, 0% used [0x00000000eab00000,0x00000000eab00000,0x00000000ebd00000)
  from space 1024K, 56% used [0x00000000ebd80000,0x00000000ebe10000,0x00000000ebe80000)
  to   space 1024K, 0% used [0x00000000ebe80000,0x00000000ebe80000,0x00000000ebf80000)
 ParOldGen       total 103936K, used 100670K [0x00000000c0000000, 0x00000000c6580000, 0x00000000eab00000)
  object space 103936K, 96% used [0x00000000c0000000,0x00000000c624fbb0,0x00000000c6580000)
 Metaspace       used 59027K, committed 60160K, reserved 1105920K
  class space    used 6186K, committed 6720K, reserved 1048576K
}
Event: 27.978 GC heap before
{Heap before GC invocations=44 (full 2):
 PSYoungGen      total 19456K, used 2593K [0x00000000eab00000, 0x00000000ebf80000, 0x0000000100000000)
  eden space 18432K, 10% used [0x00000000eab00000,0x00000000eacf8498,0x00000000ebd00000)
  from space 1024K, 56% used [0x00000000ebd80000,0x00000000ebe10000,0x00000000ebe80000)
  to   space 1024K, 0% used [0x00000000ebe80000,0x00000000ebe80000,0x00000000ebf80000)
 ParOldGen       total 103936K, used 100670K [0x00000000c0000000, 0x00000000c6580000, 0x00000000eab00000)
  object space 103936K, 96% used [0x00000000c0000000,0x00000000c624fbb0,0x00000000c6580000)
 Metaspace       used 59239K, committed 60288K, reserved 1105920K
  class space    used 6213K, committed 6720K, reserved 1048576K
}
Event: 27.979 GC heap after
{Heap after GC invocations=44 (full 2):
 PSYoungGen      total 18944K, used 183K [0x00000000eab00000, 0x00000000ebf00000, 0x0000000100000000)
  eden space 18432K, 0% used [0x00000000eab00000,0x00000000eab00000,0x00000000ebd00000)
  from space 512K, 35% used [0x00000000ebe80000,0x00000000ebeadf50,0x00000000ebf00000)
  to   space 512K, 0% used [0x00000000ebe00000,0x00000000ebe00000,0x00000000ebe80000)
 ParOldGen       total 103936K, used 101215K [0x00000000c0000000, 0x00000000c6580000, 0x00000000eab00000)
  object space 103936K, 97% used [0x00000000c0000000,0x00000000c62d7c28,0x00000000c6580000)
 Metaspace       used 59239K, committed 60288K, reserved 1105920K
  class space    used 6213K, committed 6720K, reserved 1048576K
}
Event: 27.979 GC heap before
{Heap before GC invocations=45 (full 3):
 PSYoungGen      total 18944K, used 183K [0x00000000eab00000, 0x00000000ebf00000, 0x0000000100000000)
  eden space 18432K, 0% used [0x00000000eab00000,0x00000000eab00000,0x00000000ebd00000)
  from space 512K, 35% used [0x00000000ebe80000,0x00000000ebeadf50,0x00000000ebf00000)
  to   space 512K, 0% used [0x00000000ebe00000,0x00000000ebe00000,0x00000000ebe80000)
 ParOldGen       total 103936K, used 101215K [0x00000000c0000000, 0x00000000c6580000, 0x00000000eab00000)
  object space 103936K, 97% used [0x00000000c0000000,0x00000000c62d7c28,0x00000000c6580000)
 Metaspace       used 59239K, committed 60288K, reserved 1105920K
  class space    used 6213K, committed 6720K, reserved 1048576K
}
Event: 28.118 GC heap after
{Heap after GC invocations=45 (full 3):
 PSYoungGen      total 18944K, used 0K [0x00000000eab00000, 0x00000000ebf00000, 0x0000000100000000)
  eden space 18432K, 0% used [0x00000000eab00000,0x00000000eab00000,0x00000000ebd00000)
  from space 512K, 0% used [0x00000000ebe80000,0x00000000ebe80000,0x00000000ebf00000)
  to   space 512K, 0% used [0x00000000ebe00000,0x00000000ebe00000,0x00000000ebe80000)
 ParOldGen       total 103936K, used 50338K [0x00000000c0000000, 0x00000000c6580000, 0x00000000eab00000)
  object space 103936K, 48% used [0x00000000c0000000,0x00000000c3128b68,0x00000000c6580000)
 Metaspace       used 59239K, committed 60288K, reserved 1105920K
  class space    used 6213K, committed 6720K, reserved 1048576K
}
Event: 28.692 GC heap before
{Heap before GC invocations=46 (full 3):
 PSYoungGen      total 18944K, used 18198K [0x00000000eab00000, 0x00000000ebf00000, 0x0000000100000000)
  eden space 18432K, 98% used [0x00000000eab00000,0x00000000ebcc5a18,0x00000000ebd00000)
  from space 512K, 0% used [0x00000000ebe80000,0x00000000ebe80000,0x00000000ebf00000)
  to   space 512K, 0% used [0x00000000ebe00000,0x00000000ebe00000,0x00000000ebe80000)
 ParOldGen       total 103936K, used 50338K [0x00000000c0000000, 0x00000000c6580000, 0x00000000eab00000)
  object space 103936K, 48% used [0x00000000c0000000,0x00000000c3128b68,0x00000000c6580000)
 Metaspace       used 59992K, committed 61120K, reserved 1105920K
  class space    used 6289K, committed 6784K, reserved 1048576K
}
Event: 28.693 GC heap after
{Heap after GC invocations=46 (full 3):
 PSYoungGen      total 18944K, used 448K [0x00000000eab00000, 0x00000000ebf00000, 0x0000000100000000)
  eden space 18432K, 0% used [0x00000000eab00000,0x00000000eab00000,0x00000000ebd00000)
  from space 512K, 87% used [0x00000000ebe00000,0x00000000ebe70000,0x00000000ebe80000)
  to   space 512K, 0% used [0x00000000ebe80000,0x00000000ebe80000,0x00000000ebf00000)
 ParOldGen       total 103936K, used 50346K [0x00000000c0000000, 0x00000000c6580000, 0x00000000eab00000)
  object space 103936K, 48% used [0x00000000c0000000,0x00000000c312ab68,0x00000000c6580000)
 Metaspace       used 59992K, committed 61120K, reserved 1105920K
  class space    used 6289K, committed 6784K, reserved 1048576K
}
Event: 187.725 GC heap before
{Heap before GC invocations=47 (full 3):
 PSYoungGen      total 18944K, used 18880K [0x00000000eab00000, 0x00000000ebf00000, 0x0000000100000000)
  eden space 18432K, 100% used [0x00000000eab00000,0x00000000ebd00000,0x00000000ebd00000)
  from space 512K, 87% used [0x00000000ebe00000,0x00000000ebe70000,0x00000000ebe80000)
  to   space 512K, 0% used [0x00000000ebe80000,0x00000000ebe80000,0x00000000ebf00000)
 ParOldGen       total 103936K, used 50346K [0x00000000c0000000, 0x00000000c6580000, 0x00000000eab00000)
  object space 103936K, 48% used [0x00000000c0000000,0x00000000c312ab68,0x00000000c6580000)
 Metaspace       used 60250K, committed 61376K, reserved 1105920K
  class space    used 6305K, committed 6784K, reserved 1048576K
}
Event: 187.726 GC heap after
{Heap after GC invocations=47 (full 3):
 PSYoungGen      total 18944K, used 192K [0x00000000eab00000, 0x00000000ebf00000, 0x0000000100000000)
  eden space 18432K, 0% used [0x00000000eab00000,0x00000000eab00000,0x00000000ebd00000)
  from space 512K, 37% used [0x00000000ebe80000,0x00000000ebeb0010,0x00000000ebf00000)
  to   space 512K, 0% used [0x00000000ebe00000,0x00000000ebe00000,0x00000000ebe80000)
 ParOldGen       total 103936K, used 50553K [0x00000000c0000000, 0x00000000c6580000, 0x00000000eab00000)
  object space 103936K, 48% used [0x00000000c0000000,0x00000000c315e460,0x00000000c6580000)
 Metaspace       used 60250K, committed 61376K, reserved 1105920K
  class space    used 6305K, committed 6784K, reserved 1048576K
}
Event: 915.412 GC heap before
{Heap before GC invocations=48 (full 3):
 PSYoungGen      total 18944K, used 18624K [0x00000000eab00000, 0x00000000ebf00000, 0x0000000100000000)
  eden space 18432K, 100% used [0x00000000eab00000,0x00000000ebd00000,0x00000000ebd00000)
  from space 512K, 37% used [0x00000000ebe80000,0x00000000ebeb0010,0x00000000ebf00000)
  to   space 512K, 0% used [0x00000000ebe00000,0x00000000ebe00000,0x00000000ebe80000)
 ParOldGen       total 103936K, used 50553K [0x00000000c0000000, 0x00000000c6580000, 0x00000000eab00000)
  object space 103936K, 48% used [0x00000000c0000000,0x00000000c315e460,0x00000000c6580000)
 Metaspace       used 60866K, committed 62016K, reserved 1105920K
  class space    used 6366K, committed 6912K, reserved 1048576K
}
Event: 915.427 GC heap after
{Heap after GC invocations=48 (full 3):
 PSYoungGen      total 18944K, used 416K [0x00000000eab00000, 0x00000000ebf00000, 0x0000000100000000)
  eden space 18432K, 0% used [0x00000000eab00000,0x00000000eab00000,0x00000000ebd00000)
  from space 512K, 81% used [0x00000000ebe00000,0x00000000ebe68000,0x00000000ebe80000)
  to   space 512K, 0% used [0x00000000ebe80000,0x00000000ebe80000,0x00000000ebf00000)
 ParOldGen       total 103936K, used 50609K [0x00000000c0000000, 0x00000000c6580000, 0x00000000eab00000)
  object space 103936K, 48% used [0x00000000c0000000,0x00000000c316c460,0x00000000c6580000)
 Metaspace       used 60866K, committed 62016K, reserved 1105920K
  class space    used 6366K, committed 6912K, reserved 1048576K
}

